<?xml version="1.0" encoding="UTF-8"?>
<!-- Generated by org.testng.reporters.JUnitReportReporter -->
<testsuite hostname="HP" failures="0" tests="3" name="TestNGPrograms.DataProvider1" time="19.102" errors="0" timestamp="2023-06-17T16:44:55 IST" skipped="0">
  <testcase classname="TestNGPrograms.DataProvider1" name="search" time="7.700"/>
  <system-out/>
  <testcase classname="TestNGPrograms.DataProvider1" name="search" time="5.756"/>
  <system-out/>
  <testcase classname="TestNGPrograms.DataProvider1" name="search" time="5.646"/>
  <system-out/>
</testsuite> <!-- TestNGPrograms.DataProvider1 -->
