<?xml version="1.0" encoding="UTF-8"?>
<!-- Generated by org.testng.reporters.JUnitReportReporter -->
<testsuite hostname="HP" failures="0" tests="3" name="TestingSelenium.TestingSelenium.TestngParameters" time="0.010" errors="0" timestamp="2023-06-05T11:27:03 IST" skipped="0">
  <testcase classname="TestingSelenium.TestingSelenium.TestngParameters" name="multi" time="0.001"/>
  <system-out/>
  <testcase classname="TestingSelenium.TestingSelenium.TestngParameters" name="sub" time="0.001"/>
  <system-out/>
  <testcase classname="TestingSelenium.TestingSelenium.TestngParameters" name="addition" time="0.008"/>
  <system-out/>
</testsuite> <!-- TestingSelenium.TestingSelenium.TestngParameters -->
