<?xml version="1.0" encoding="UTF-8"?>
<!-- Generated by org.testng.reporters.JUnitReportReporter -->
<testsuite hostname="HP" failures="0" tests="2" name="TestingSelenium.TestingSelenium.TestNGEnableTestcase" time="0.008" errors="0" timestamp="2023-06-04T22:26:49 IST" skipped="0">
  <testcase classname="TestingSelenium.TestingSelenium.TestNGEnableTestcase" name="webLoginTestcase" time="0.001"/>
  <system-out/>
  <testcase classname="TestingSelenium.TestingSelenium.TestNGEnableTestcase" name="APILoginTestcase" time="0.007"/>
  <system-out/>
</testsuite> <!-- TestingSelenium.TestingSelenium.TestNGEnableTestcase -->
