<?xml version="1.0" encoding="UTF-8"?>
<!-- Generated by org.testng.reporters.JUnitReportReporter -->
<testsuite hostname="HP" failures="0" tests="1" name="TestingSelenium.TestingSelenium.TestngDemo" time="3.000" errors="0" timestamp="2023-06-04T19:22:39 IST" skipped="0">
  <testcase classname="TestingSelenium.TestingSelenium.TestngDemo" name="verifyPageTitle" time="3.000"/>
  <system-out/>
</testsuite> <!-- TestingSelenium.TestingSelenium.TestngDemo -->
