<?xml version="1.0" encoding="UTF-8"?>
<!-- Generated by org.testng.reporters.JUnitReportReporter -->
<testsuite hostname="HP" failures="0" tests="1" name="TestNGPrograms.InvocationCount" time="0.008" errors="0" timestamp="2023-06-17T18:37:52 IST" skipped="0">
  <testcase classname="TestNGPrograms.InvocationCount" name="testcase2" time="0.008"/>
  <system-out/>
</testsuite> <!-- TestNGPrograms.InvocationCount -->
