<?xml version="1.0" encoding="UTF-8"?>
<!-- Generated by org.testng.reporters.JUnitReportReporter -->
<testsuite hostname="HP" failures="0" tests="4" name="TestingSelenium.TestingSelenium.TestngReports" time="0.009" errors="0" timestamp="2023-06-06T16:40:34 IST" skipped="0">
  <testcase classname="TestingSelenium.TestingSelenium.TestngReports" name="testcase3" time="0.001"/>
  <system-out/>
  <testcase classname="TestingSelenium.TestingSelenium.TestngReports" name="testcase2" time="0.001"/>
  <system-out/>
  <testcase classname="TestingSelenium.TestingSelenium.TestngReports" name="testcase1" time="0.006"/>
  <system-out/>
  <testcase classname="TestingSelenium.TestingSelenium.TestngReports" name="testcase4" time="0.001"/>
  <system-out/>
</testsuite> <!-- TestingSelenium.TestingSelenium.TestngReports -->
