<?xml version="1.0" encoding="UTF-8"?>
<!-- Generated by org.testng.reporters.JUnitReportReporter -->
<testsuite hostname="HP" failures="0" tests="3" name="TestNGPrograms.TestNG2" time="0.013" errors="0" timestamp="2023-06-16T22:48:48 IST" skipped="0">
  <testcase classname="TestNGPrograms.TestNG2" name="testcase2" time="0.003"/>
  <system-out/>
  <testcase classname="TestNGPrograms.TestNG2" name="testcase1" time="0.008"/>
  <system-out/>
  <testcase classname="TestNGPrograms.TestNG2" name="testcase3" time="0.002"/>
  <system-out/>
</testsuite> <!-- TestNGPrograms.TestNG2 -->
