<?xml version="1.0" encoding="UTF-8"?>
<!-- Generated by org.testng.reporters.JUnitReportReporter -->
<testsuite hostname="HP" failures="0" tests="3" name="TestingSelenium.TestingSelenium.CurrentAccount" time="0.010" errors="0" timestamp="2023-06-04T19:28:53 IST" skipped="0">
  <testcase classname="TestingSelenium.TestingSelenium.CurrentAccount" name="testcase2" time="0.001"/>
  <system-out/>
  <testcase classname="TestingSelenium.TestingSelenium.CurrentAccount" name="testcase1" time="0.008"/>
  <system-out/>
  <testcase classname="TestingSelenium.TestingSelenium.CurrentAccount" name="testcase3" time="0.001"/>
  <system-out/>
</testsuite> <!-- TestingSelenium.TestingSelenium.CurrentAccount -->
