<?xml version="1.0" encoding="UTF-8"?>
<!-- Generated by org.testng.reporters.JUnitReportReporter -->
<testsuite hostname="HP" failures="0" tests="3" name="TestNGPrograms.TestNGAnnoation" time="0.008" errors="0" timestamp="2023-06-17T10:26:01 IST" skipped="0">
  <testcase classname="TestNGPrograms.TestNGAnnoation" name="test1" time="0.005"/>
  <system-out/>
  <testcase classname="TestNGPrograms.TestNGAnnoation" name="testcase2" time="0.002"/>
  <system-out/>
  <testcase classname="TestNGPrograms.TestNGAnnoation" name="testcase1" time="0.001"/>
  <system-out/>
</testsuite> <!-- TestNGPrograms.TestNGAnnoation -->
