<?xml version="1.0" encoding="UTF-8"?>
<!-- Generated by org.testng.reporters.JUnitReportReporter -->
<testsuite hostname="HP" failures="0" tests="2" name="TestingSelenium.TestingSelenium.TestngParallel1" time="13.819" errors="0" timestamp="2023-06-05T16:21:07 IST" skipped="0">
  <testcase classname="TestingSelenium.TestingSelenium.TestngParallel1" name="verifylogo" time="7.753"/>
  <system-out/>
  <testcase classname="TestingSelenium.TestingSelenium.TestngParallel1" name="verifytitle" time="6.066"/>
  <system-out/>
</testsuite> <!-- TestingSelenium.TestingSelenium.TestngParallel1 -->
