<?xml version="1.0" encoding="UTF-8"?>
<!-- Generated by org.testng.reporters.JUnitReportReporter -->
<testsuite hostname="HP" failures="0" tests="3" name="TestingSelenium.TestingSelenium.TestngAttributes" time="0.012" errors="0" timestamp="2023-06-05T11:23:16 IST" skipped="0">
  <testcase classname="TestingSelenium.TestingSelenium.TestngAttributes" name="test1" time="0.009"/>
  <system-out/>
  <testcase classname="TestingSelenium.TestingSelenium.TestngAttributes" name="test2" time="0.002"/>
  <system-out/>
  <testcase classname="TestingSelenium.TestingSelenium.TestngAttributes" name="test3" time="0.001"/>
  <system-out/>
</testsuite> <!-- TestingSelenium.TestingSelenium.TestngAttributes -->
