<?xml version="1.0" encoding="UTF-8"?>
<!-- Generated by org.testng.reporters.JUnitReportReporter -->
<testsuite hostname="HP" failures="0" tests="2" name="TestingSelenium.TestingSelenium.TestngAnnoations" time="0.004" errors="0" timestamp="2023-06-04T22:53:54 IST" skipped="0">
  <testcase classname="TestingSelenium.TestingSelenium.TestngAnnoations" name="test1" time="0.003"/>
  <system-out/>
  <testcase classname="TestingSelenium.TestingSelenium.TestngAnnoations" name="test2" time="0.001"/>
  <system-out/>
</testsuite> <!-- TestingSelenium.TestingSelenium.TestngAnnoations -->
