<?xml version="1.0" encoding="UTF-8"?>
<!-- Generated by org.testng.reporters.JUnitReportReporter -->
<testsuite hostname="HP" failures="0" tests="4" name="TestNGPrograms.TestNGEnabledDisabled" time="0.011" errors="0" timestamp="2023-06-16T23:21:23 IST" skipped="0">
  <testcase classname="TestNGPrograms.TestNGEnabledDisabled" name="withdraw" time="0.001"/>
  <system-out/>
  <testcase classname="TestNGPrograms.TestNGEnabledDisabled" name="openBank" time="0.001"/>
  <system-out/>
  <testcase classname="TestNGPrograms.TestNGEnabledDisabled" name="addcustomer" time="0.001"/>
  <system-out/>
  <testcase classname="TestNGPrograms.TestNGEnabledDisabled" name="addBankAccount" time="0.008"/>
  <system-out/>
</testsuite> <!-- TestNGPrograms.TestNGEnabledDisabled -->
