<?xml version="1.0" encoding="UTF-8"?>
<!-- Generated by org.testng.reporters.JUnitReportReporter -->
<testsuite hostname="HP" failures="0" tests="3" name="TestNGPrograms.TestNGGroups" time="0.008" errors="0" timestamp="2023-06-17T11:54:01 IST" skipped="0">
  <testcase classname="TestNGPrograms.TestNGGroups" name="Mahindra" time="0.002"/>
  <system-out/>
  <testcase classname="TestNGPrograms.TestNGGroups" name="Tata" time="0.001"/>
  <system-out/>
  <testcase classname="TestNGPrograms.TestNGGroups" name="Bajaj" time="0.005"/>
  <system-out/>
</testsuite> <!-- TestNGPrograms.TestNGGroups -->
