<?xml version="1.0" encoding="UTF-8"?>
<!-- Generated by org.testng.reporters.JUnitReportReporter -->
<testsuite hostname="HP" failures="0" tests="4" name="TestNGPrograms.TestNGAttribute" time="0.018" errors="0" timestamp="2023-06-17T11:41:55 IST" skipped="1">
  <testcase classname="TestNGPrograms.TestNGAttribute" name="getdata" time="0.001"/>
  <system-out/>
  <testcase classname="TestNGPrograms.TestNGAttribute" name="homegapedetails" time="0.016"/>
  <system-out/>
  <testcase classname="TestNGPrograms.TestNGAttribute" name="countdetails" time="0.001"/>
  <system-out/>
  <testcase classname="TestNGPrograms.TestNGAttribute" name="accountdetails">
    <skipped/>
  </testcase> <!-- accountdetails -->
  <system-out/>
</testsuite> <!-- TestNGPrograms.TestNGAttribute -->
