<?xml version="1.0" encoding="UTF-8"?>
<!-- Generated by org.testng.reporters.JUnitReportReporter -->
<testsuite hostname="HP" failures="0" tests="7" name="TestingSelenium.TestingSelenium.InvocationCount" time="0.026" errors="0" timestamp="2023-06-05T18:45:49 IST" skipped="0">
  <testcase classname="TestingSelenium.TestingSelenium.InvocationCount" name="test2" time="0.001"/>
  <system-out/>
  <testcase classname="TestingSelenium.TestingSelenium.InvocationCount" name="test1" time="0.001"/>
  <system-out/>
  <testcase classname="TestingSelenium.TestingSelenium.InvocationCount" name="test1" time="0.001"/>
  <system-out/>
  <testcase classname="TestingSelenium.TestingSelenium.InvocationCount" name="test1" time="0.001"/>
  <system-out/>
  <testcase classname="TestingSelenium.TestingSelenium.InvocationCount" name="test2" time="0.000"/>
  <system-out/>
  <testcase classname="TestingSelenium.TestingSelenium.InvocationCount" name="test1" time="0.021"/>
  <system-out/>
  <testcase classname="TestingSelenium.TestingSelenium.InvocationCount" name="test1" time="0.001"/>
  <system-out/>
</testsuite> <!-- TestingSelenium.TestingSelenium.InvocationCount -->
