<?xml version="1.0" encoding="UTF-8"?>
<!-- Generated by org.testng.reporters.JUnitReportReporter -->
<testsuite hostname="HP" failures="0" tests="1" name="TestNGPrograms.VerifyTitle" time="7.248" errors="0" timestamp="2023-06-16T22:48:38 IST" skipped="0">
  <testcase classname="TestNGPrograms.VerifyTitle" name="verifyPageTitle" time="7.248"/>
  <system-out/>
</testsuite> <!-- TestNGPrograms.VerifyTitle -->
