<?xml version="1.0" encoding="UTF-8"?>
<!-- Generated by org.testng.reporters.JUnitReportReporter -->
<testsuite hostname="HP" failures="0" tests="1" name="TestingSelenium.TestingSelenium.TestngParallel2" time="5.082" errors="0" timestamp="2023-06-05T16:21:07 IST" skipped="0">
  <testcase classname="TestingSelenium.TestingSelenium.TestngParallel2" name="verifyLogin" time="5.082"/>
  <system-out/>
</testsuite> <!-- TestingSelenium.TestingSelenium.TestngParallel2 -->
