<?xml version="1.0" encoding="UTF-8"?>
<!-- Generated by org.testng.reporters.JUnitReportReporter -->
<testsuite hostname="HP" failures="0" tests="1" name="TestNGPrograms.CrossBrowerTesting" time="9.313" errors="0" timestamp="2023-06-17T19:11:11 IST" skipped="0">
  <testcase classname="TestNGPrograms.CrossBrowerTesting" name="verifytitle" time="9.313"/>
  <system-out/>
</testsuite> <!-- TestNGPrograms.CrossBrowerTesting -->
